# JRE version: OpenJDK Runtime Environment (8.0_162-b12) (build 1.8.0_162-8u162-b12-0ubuntu0.16.04.2-b12)
# Java VM: OpenJDK 64-Bit Server VM (25.162-b12 mixed mode linux-amd64 compressed oops)
Heap:
 PSYoungGen      total 37888K, used 31005K [0x00000000d6700000, 0x00000000d9100000, 0x0000000100000000)
  eden space 32768K, 85% used [0x00000000d6700000,0x00000000d823aca0,0x00000000d8700000)
  from space 5120K, 60% used [0x00000000d8c00000,0x00000000d8f0c840,0x00000000d9100000)
  to   space 5120K, 0% used [0x00000000d8700000,0x00000000d8700000,0x00000000d8c00000)
 ParOldGen       total 86016K, used 32K [0x0000000083400000, 0x0000000088800000, 0x00000000d6700000)
  object space 86016K, 0% used [0x0000000083400000,0x0000000083408000,0x0000000088800000)
 Metaspace       used 14874K, capacity 15088K, committed 15360K, reserved 1062912K
  class space    used 1612K, capacity 1678K, committed 1792K, reserved 1048576K
GC Heap History (4 events):
Event: 98.337 GC heap before
{Heap before GC invocations=1 (full 0):
 PSYoungGen      total 37888K, used 32768K [0x00000000d6700000, 0x00000000d9100000, 0x0000000100000000)
  eden space 32768K, 100% used [0x00000000d6700000,0x00000000d8700000,0x00000000d8700000)
  from space 5120K, 0% used [0x00000000d8c00000,0x00000000d8c00000,0x00000000d9100000)
  to   space 5120K, 0% used [0x00000000d8700000,0x00000000d8700000,0x00000000d8c00000)
 ParOldGen       total 86016K, used 0K [0x0000000083400000, 0x0000000088800000, 0x00000000d6700000)
  object space 86016K, 0% used [0x0000000083400000,0x0000000083400000,0x0000000088800000)
 Metaspace       used 14295K, capacity 14464K, committed 14720K, reserved 1062912K
  class space    used 1593K, capacity 1642K, committed 1664K, reserved 1048576K
Event: 98.346 GC heap after
Heap after GC invocations=1 (full 0):
 PSYoungGen      total 37888K, used 2912K [0x00000000d6700000, 0x00000000d9100000, 0x0000000100000000)
  eden space 32768K, 0% used [0x00000000d6700000,0x00000000d6700000,0x00000000d8700000)
  from space 5120K, 56% used [0x00000000d8700000,0x00000000d89d8020,0x00000000d8c00000)
  to   space 5120K, 0% used [0x00000000d8c00000,0x00000000d8c00000,0x00000000d9100000)
 ParOldGen       total 86016K, used 24K [0x0000000083400000, 0x0000000088800000, 0x00000000d6700000)
  object space 86016K, 0% used [0x0000000083400000,0x0000000083406000,0x0000000088800000)
 Metaspace       used 14295K, capacity 14464K, committed 14720K, reserved 1062912K
  class space    used 1593K, capacity 1642K, committed 1664K, reserved 1048576K
}
Event: 853.714 GC heap before
{Heap before GC invocations=2 (full 0):
 PSYoungGen      total 37888K, used 35680K [0x00000000d6700000, 0x00000000d9100000, 0x0000000100000000)
  eden space 32768K, 100% used [0x00000000d6700000,0x00000000d8700000,0x00000000d8700000)
  from space 5120K, 56% used [0x00000000d8700000,0x00000000d89d8020,0x00000000d8c00000)
  to   space 5120K, 0% used [0x00000000d8c00000,0x00000000d8c00000,0x00000000d9100000)
 ParOldGen       total 86016K, used 24K [0x0000000083400000, 0x0000000088800000, 0x00000000d6700000)
  object space 86016K, 0% used [0x0000000083400000,0x0000000083406000,0x0000000088800000)
 Metaspace       used 14726K, capacity 14960K, committed 15360K, reserved 1062912K
  class space    used 1609K, capacity 1678K, committed 1792K, reserved 1048576K
Event: 853.728 GC heap after
Heap after GC invocations=2 (full 0):
 PSYoungGen      total 37888K, used 3122K [0x00000000d6700000, 0x00000000d9100000, 0x0000000100000000)
  eden space 32768K, 0% used [0x00000000d6700000,0x00000000d6700000,0x00000000d8700000)
  from space 5120K, 60% used [0x00000000d8c00000,0x00000000d8f0c840,0x00000000d9100000)
  to   space 5120K, 0% used [0x00000000d8700000,0x00000000d8700000,0x00000000d8c00000)
 ParOldGen       total 86016K, used 32K [0x0000000083400000, 0x0000000088800000, 0x00000000d6700000)
  object space 86016K, 0% used [0x0000000083400000,0x0000000083408000,0x0000000088800000)
 Metaspace       used 14726K, capacity 14960K, committed 15360K, reserved 1062912K
  class space    used 1609K, capacity 1678K, committed 1792K, reserved 1048576K
}

